[2018-05-09 16:42:02,268] INFO [Controller 0]: Controller starting up (kafka.controller.KafkaController)
[2018-05-09 16:42:02,286] INFO [Controller 0]: Broker 0 starting become controller state transition (kafka.controller.KafkaController)
[2018-05-09 16:42:02,288] INFO [Controller 0]: Initialized controller epoch to 1 and zk version 0 (kafka.controller.KafkaController)
[2018-05-09 16:42:02,291] INFO [Controller 0]: Controller 0 incremented epoch to 2 (kafka.controller.KafkaController)
[2018-05-09 16:42:02,292] DEBUG [Controller 0]: Registering IsrChangeNotificationListener (kafka.controller.KafkaController)
[2018-05-09 16:42:02,307] INFO [Controller 0]: Partitions undergoing preferred replica election:  (kafka.controller.KafkaController)
[2018-05-09 16:42:02,308] INFO [Controller 0]: Partitions that completed preferred replica election:  (kafka.controller.KafkaController)
[2018-05-09 16:42:02,308] INFO [Controller 0]: Resuming preferred replica election for partitions:  (kafka.controller.KafkaController)
[2018-05-09 16:42:02,311] INFO [Controller 0]: Partitions being reassigned: Map() (kafka.controller.KafkaController)
[2018-05-09 16:42:02,312] INFO [Controller 0]: Partitions already reassigned: Set() (kafka.controller.KafkaController)
[2018-05-09 16:42:02,312] INFO [Controller 0]: Resuming reassignment of partitions: Map() (kafka.controller.KafkaController)
[2018-05-09 16:42:02,315] INFO [Controller 0]: List of topics to be deleted:  (kafka.controller.KafkaController)
[2018-05-09 16:42:02,315] INFO [Controller 0]: List of topics ineligible for deletion:  (kafka.controller.KafkaController)
[2018-05-09 16:42:02,317] INFO [Controller 0]: Currently active brokers in the cluster: Set() (kafka.controller.KafkaController)
[2018-05-09 16:42:02,317] INFO [Controller 0]: Currently shutting brokers in the cluster: Set() (kafka.controller.KafkaController)
[2018-05-09 16:42:02,318] INFO [Controller 0]: Current list of topics in the cluster: Set() (kafka.controller.KafkaController)
[2018-05-09 16:42:02,332] INFO [Replica state machine on controller 0]: Started replica state machine with initial state -> Map() (kafka.controller.ReplicaStateMachine)
[2018-05-09 16:42:02,333] INFO [Partition state machine on Controller 0]: Started partition state machine with initial state -> Map() (kafka.controller.PartitionStateMachine)
[2018-05-09 16:42:02,334] INFO [Controller 0]: Broker 0 is ready to serve as the new controller with epoch 2 (kafka.controller.KafkaController)
[2018-05-09 16:42:02,334] INFO [Controller 0]: Starting preferred replica leader election for partitions  (kafka.controller.KafkaController)
[2018-05-09 16:42:02,335] INFO [Partition state machine on Controller 0]: Invoking state change to OnlinePartition for partitions  (kafka.controller.PartitionStateMachine)
[2018-05-09 16:42:02,339] INFO [Controller 0]: starting the partition rebalance scheduler (kafka.controller.KafkaController)
[2018-05-09 16:42:02,340] INFO [Controller 0]: Controller startup complete (kafka.controller.KafkaController)
[2018-05-09 16:42:02,393] INFO [BrokerChangeListener on Controller 0]: Broker change listener fired for path /brokers/ids with children 0 (kafka.controller.ReplicaStateMachine$BrokerChangeListener)
[2018-05-09 16:42:02,417] INFO [BrokerChangeListener on Controller 0]: Newly added brokers: 0, deleted brokers: , all live brokers: 0 (kafka.controller.ReplicaStateMachine$BrokerChangeListener)
[2018-05-09 16:42:02,418] DEBUG [Channel manager on controller 0]: Controller 0 trying to connect to broker 0 (kafka.controller.ControllerChannelManager)
[2018-05-09 16:42:02,425] INFO [Controller-0-to-broker-0-send-thread], Starting  (kafka.controller.RequestSendThread)
[2018-05-09 16:42:02,425] INFO [Controller 0]: New broker startup callback for 0 (kafka.controller.KafkaController)
[2018-05-09 16:42:02,431] INFO [Controller-0-to-broker-0-send-thread], Controller 0 connected to fji-mn1.linkedin.biz:9092 (id: 0 rack: null) for sending state change requests (kafka.controller.RequestSendThread)
[2018-05-09 16:42:07,345] TRACE [Controller 0]: checking need to trigger partition rebalance (kafka.controller.KafkaController)
[2018-05-09 16:42:07,348] DEBUG [Controller 0]: preferred replicas by broker Map() (kafka.controller.KafkaController)
[2018-05-09 16:46:45,287] INFO [Controller 0]: Shutting down broker 0 (kafka.controller.KafkaController)
[2018-05-09 16:46:45,288] DEBUG [Controller 0]: All shutting down brokers: 0 (kafka.controller.KafkaController)
[2018-05-09 16:46:45,288] DEBUG [Controller 0]: Live brokers:  (kafka.controller.KafkaController)
[2018-05-09 16:46:45,290] TRACE [Controller 0]: All leaders =  (kafka.controller.KafkaController)
[2018-05-09 16:46:47,556] DEBUG [Controller 0]: Controller resigning, broker id 0 (kafka.controller.KafkaController)
[2018-05-09 16:46:47,556] DEBUG [Controller 0]: De-registering IsrChangeNotificationListener (kafka.controller.KafkaController)
[2018-05-09 16:46:47,558] INFO [Partition state machine on Controller 0]: Stopped partition state machine (kafka.controller.PartitionStateMachine)
[2018-05-09 16:46:47,558] INFO [Replica state machine on controller 0]: Stopped replica state machine (kafka.controller.ReplicaStateMachine)
[2018-05-09 16:46:47,559] INFO [Controller-0-to-broker-0-send-thread], Shutting down (kafka.controller.RequestSendThread)
[2018-05-09 16:46:47,559] INFO [Controller-0-to-broker-0-send-thread], Stopped  (kafka.controller.RequestSendThread)
[2018-05-09 16:46:47,559] INFO [Controller-0-to-broker-0-send-thread], Shutdown completed (kafka.controller.RequestSendThread)
[2018-05-09 16:46:47,560] INFO [Controller 0]: Broker 0 resigned as the controller (kafka.controller.KafkaController)
