[2018-05-09 16:41:56,828] INFO KafkaConfig values: 
	advertised.host.name = null
	advertised.listeners = null
	advertised.port = null
	authorizer.class.name = 
	auto.create.topics.enable = true
	auto.leader.rebalance.enable = true
	background.threads = 10
	broker.id = 0
	broker.id.generation.enable = true
	broker.rack = null
	compression.type = producer
	connections.max.idle.ms = 600000
	controlled.shutdown.enable = true
	controlled.shutdown.max.retries = 3
	controlled.shutdown.retry.backoff.ms = 5000
	controller.socket.timeout.ms = 30000
	create.topic.policy.class.name = null
	default.replication.factor = 1
	delete.topic.enable = false
	fetch.purgatory.purge.interval.requests = 1000
	group.max.session.timeout.ms = 300000
	group.min.session.timeout.ms = 6000
	host.name = 
	inter.broker.listener.name = null
	inter.broker.protocol.version = 0.10.2-IV0
	leader.imbalance.check.interval.seconds = 300
	leader.imbalance.per.broker.percentage = 10
	listener.security.protocol.map = SSL:SSL,SASL_PLAINTEXT:SASL_PLAINTEXT,TRACE:TRACE,SASL_SSL:SASL_SSL,PLAINTEXT:PLAINTEXT
	listeners = null
	log.cleaner.backoff.ms = 15000
	log.cleaner.dedupe.buffer.size = 134217728
	log.cleaner.delete.retention.ms = 86400000
	log.cleaner.enable = true
	log.cleaner.io.buffer.load.factor = 0.9
	log.cleaner.io.buffer.size = 524288
	log.cleaner.io.max.bytes.per.second = 1.7976931348623157E308
	log.cleaner.min.cleanable.ratio = 0.5
	log.cleaner.min.compaction.lag.ms = 0
	log.cleaner.threads = 1
	log.cleanup.policy = [delete]
	log.dir = /tmp/kafka-logs
	log.dirs = /tmp/kafka-logs
	log.flush.interval.messages = 9223372036854775807
	log.flush.interval.ms = null
	log.flush.offset.checkpoint.interval.ms = 60000
	log.flush.scheduler.interval.ms = 9223372036854775807
	log.index.interval.bytes = 4096
	log.index.size.max.bytes = 10485760
	log.message.format.version = 0.10.2-IV0
	log.message.timestamp.difference.max.ms = 9223372036854775807
	log.message.timestamp.type = CreateTime
	log.preallocate = false
	log.retention.bytes = -1
	log.retention.check.interval.ms = 300000
	log.retention.hours = 168
	log.retention.minutes = null
	log.retention.ms = null
	log.roll.hours = 168
	log.roll.jitter.hours = 0
	log.roll.jitter.ms = null
	log.roll.ms = null
	log.segment.bytes = 1073741824
	log.segment.delete.delay.ms = 60000
	max.connections.per.ip = 2147483647
	max.connections.per.ip.overrides = 
	message.max.bytes = 1000012
	metric.reporters = []
	metrics.num.samples = 2
	metrics.recording.level = INFO
	metrics.sample.window.ms = 30000
	min.insync.replicas = 1
	num.io.threads = 8
	num.network.threads = 3
	num.partitions = 1
	num.recovery.threads.per.data.dir = 1
	num.replica.fetchers = 1
	offset.metadata.max.bytes = 4096
	offsets.commit.required.acks = -1
	offsets.commit.timeout.ms = 5000
	offsets.load.buffer.size = 5242880
	offsets.retention.check.interval.ms = 600000
	offsets.retention.minutes = 1440
	offsets.topic.compression.codec = 0
	offsets.topic.num.partitions = 50
	offsets.topic.replication.factor = 3
	offsets.topic.segment.bytes = 104857600
	port = 9092
	principal.builder.class = class org.apache.kafka.common.security.auth.DefaultPrincipalBuilder
	producer.purgatory.purge.interval.requests = 1000
	queued.max.requests = 500
	quota.consumer.default = 9223372036854775807
	quota.producer.default = 9223372036854775807
	quota.window.num = 11
	quota.window.size.seconds = 1
	replica.fetch.backoff.ms = 1000
	replica.fetch.max.bytes = 1048576
	replica.fetch.min.bytes = 1
	replica.fetch.response.max.bytes = 10485760
	replica.fetch.wait.max.ms = 500
	replica.high.watermark.checkpoint.interval.ms = 5000
	replica.lag.time.max.ms = 10000
	replica.socket.receive.buffer.bytes = 65536
	replica.socket.timeout.ms = 30000
	replication.quota.window.num = 11
	replication.quota.window.size.seconds = 1
	request.timeout.ms = 30000
	reserved.broker.max.id = 1000
	sasl.enabled.mechanisms = [GSSAPI]
	sasl.kerberos.kinit.cmd = /usr/bin/kinit
	sasl.kerberos.min.time.before.relogin = 60000
	sasl.kerberos.principal.to.local.rules = [DEFAULT]
	sasl.kerberos.service.name = null
	sasl.kerberos.ticket.renew.jitter = 0.05
	sasl.kerberos.ticket.renew.window.factor = 0.8
	sasl.mechanism.inter.broker.protocol = GSSAPI
	security.inter.broker.protocol = PLAINTEXT
	socket.receive.buffer.bytes = 102400
	socket.request.max.bytes = 104857600
	socket.send.buffer.bytes = 102400
	ssl.cipher.suites = null
	ssl.client.auth = none
	ssl.enabled.protocols = [TLSv1.2, TLSv1.1, TLSv1]
	ssl.endpoint.identification.algorithm = null
	ssl.key.password = null
	ssl.keymanager.algorithm = SunX509
	ssl.keystore.location = null
	ssl.keystore.password = null
	ssl.keystore.type = JKS
	ssl.protocol = TLS
	ssl.provider = null
	ssl.secure.random.implementation = null
	ssl.trustmanager.algorithm = PKIX
	ssl.truststore.location = null
	ssl.truststore.password = null
	ssl.truststore.type = JKS
	unclean.leader.election.enable = true
	zookeeper.connect = localhost:2181
	zookeeper.connection.timeout.ms = 6000
	zookeeper.session.timeout.ms = 6000
	zookeeper.set.acl = false
	zookeeper.sync.time.ms = 2000
 (kafka.server.KafkaConfig)
[2018-05-09 16:41:56,865] INFO starting (kafka.server.KafkaServer)
[2018-05-09 16:41:56,867] INFO Connecting to zookeeper on localhost:2181 (kafka.server.KafkaServer)
[2018-05-09 16:41:56,877] INFO Starting ZkClient event thread. (org.I0Itec.zkclient.ZkEventThread)
[2018-05-09 16:41:56,882] INFO Client environment:zookeeper.version=3.4.9-1757313, built on 08/23/2016 06:50 GMT (org.apache.zookeeper.ZooKeeper)
[2018-05-09 16:41:56,883] INFO Client environment:host.name=fji-mn1.linkedin.biz (org.apache.zookeeper.ZooKeeper)
[2018-05-09 16:41:56,883] INFO Client environment:java.version=1.8.0_172 (org.apache.zookeeper.ZooKeeper)
[2018-05-09 16:41:56,883] INFO Client environment:java.vendor=Oracle Corporation (org.apache.zookeeper.ZooKeeper)
[2018-05-09 16:41:56,883] INFO Client environment:java.home=/Library/Java/JavaVirtualMachines/jdk1.8.0_172.jdk/Contents/Home/jre (org.apache.zookeeper.ZooKeeper)
[2018-05-09 16:41:56,883] INFO Client environment:java.class.path=:/Users/fji/workspace/hello-samza/deploy/kafka/bin/../libs/aopalliance-repackaged-2.5.0-b05.jar:/Users/fji/workspace/hello-samza/deploy/kafka/bin/../libs/argparse4j-0.7.0.jar:/Users/fji/workspace/hello-samza/deploy/kafka/bin/../libs/connect-api-0.10.2.1.jar:/Users/fji/workspace/hello-samza/deploy/kafka/bin/../libs/connect-file-0.10.2.1.jar:/Users/fji/workspace/hello-samza/deploy/kafka/bin/../libs/connect-json-0.10.2.1.jar:/Users/fji/workspace/hello-samza/deploy/kafka/bin/../libs/connect-runtime-0.10.2.1.jar:/Users/fji/workspace/hello-samza/deploy/kafka/bin/../libs/connect-transforms-0.10.2.1.jar:/Users/fji/workspace/hello-samza/deploy/kafka/bin/../libs/guava-18.0.jar:/Users/fji/workspace/hello-samza/deploy/kafka/bin/../libs/hk2-api-2.5.0-b05.jar:/Users/fji/workspace/hello-samza/deploy/kafka/bin/../libs/hk2-locator-2.5.0-b05.jar:/Users/fji/workspace/hello-samza/deploy/kafka/bin/../libs/hk2-utils-2.5.0-b05.jar:/Users/fji/workspace/hello-samza/deploy/kafka/bin/../libs/jackson-annotations-2.8.0.jar:/Users/fji/workspace/hello-samza/deploy/kafka/bin/../libs/jackson-annotations-2.8.5.jar:/Users/fji/workspace/hello-samza/deploy/kafka/bin/../libs/jackson-core-2.8.5.jar:/Users/fji/workspace/hello-samza/deploy/kafka/bin/../libs/jackson-databind-2.8.5.jar:/Users/fji/workspace/hello-samza/deploy/kafka/bin/../libs/jackson-jaxrs-base-2.8.5.jar:/Users/fji/workspace/hello-samza/deploy/kafka/bin/../libs/jackson-jaxrs-json-provider-2.8.5.jar:/Users/fji/workspace/hello-samza/deploy/kafka/bin/../libs/jackson-module-jaxb-annotations-2.8.5.jar:/Users/fji/workspace/hello-samza/deploy/kafka/bin/../libs/javassist-3.20.0-GA.jar:/Users/fji/workspace/hello-samza/deploy/kafka/bin/../libs/javax.annotation-api-1.2.jar:/Users/fji/workspace/hello-samza/deploy/kafka/bin/../libs/javax.inject-1.jar:/Users/fji/workspace/hello-samza/deploy/kafka/bin/../libs/javax.inject-2.5.0-b05.jar:/Users/fji/workspace/hello-samza/deploy/kafka/bin/../libs/javax.servlet-api-3.1.0.jar:/Users/fji/workspace/hello-samza/deploy/kafka/bin/../libs/javax.ws.rs-api-2.0.1.jar:/Users/fji/workspace/hello-samza/deploy/kafka/bin/../libs/jersey-client-2.24.jar:/Users/fji/workspace/hello-samza/deploy/kafka/bin/../libs/jersey-common-2.24.jar:/Users/fji/workspace/hello-samza/deploy/kafka/bin/../libs/jersey-container-servlet-2.24.jar:/Users/fji/workspace/hello-samza/deploy/kafka/bin/../libs/jersey-container-servlet-core-2.24.jar:/Users/fji/workspace/hello-samza/deploy/kafka/bin/../libs/jersey-guava-2.24.jar:/Users/fji/workspace/hello-samza/deploy/kafka/bin/../libs/jersey-media-jaxb-2.24.jar:/Users/fji/workspace/hello-samza/deploy/kafka/bin/../libs/jersey-server-2.24.jar:/Users/fji/workspace/hello-samza/deploy/kafka/bin/../libs/jetty-continuation-9.2.15.v20160210.jar:/Users/fji/workspace/hello-samza/deploy/kafka/bin/../libs/jetty-http-9.2.15.v20160210.jar:/Users/fji/workspace/hello-samza/deploy/kafka/bin/../libs/jetty-io-9.2.15.v20160210.jar:/Users/fji/workspace/hello-samza/deploy/kafka/bin/../libs/jetty-security-9.2.15.v20160210.jar:/Users/fji/workspace/hello-samza/deploy/kafka/bin/../libs/jetty-server-9.2.15.v20160210.jar:/Users/fji/workspace/hello-samza/deploy/kafka/bin/../libs/jetty-servlet-9.2.15.v20160210.jar:/Users/fji/workspace/hello-samza/deploy/kafka/bin/../libs/jetty-servlets-9.2.15.v20160210.jar:/Users/fji/workspace/hello-samza/deploy/kafka/bin/../libs/jetty-util-9.2.15.v20160210.jar:/Users/fji/workspace/hello-samza/deploy/kafka/bin/../libs/jopt-simple-5.0.3.jar:/Users/fji/workspace/hello-samza/deploy/kafka/bin/../libs/kafka-clients-0.10.2.1.jar:/Users/fji/workspace/hello-samza/deploy/kafka/bin/../libs/kafka-log4j-appender-0.10.2.1.jar:/Users/fji/workspace/hello-samza/deploy/kafka/bin/../libs/kafka-streams-0.10.2.1.jar:/Users/fji/workspace/hello-samza/deploy/kafka/bin/../libs/kafka-streams-examples-0.10.2.1.jar:/Users/fji/workspace/hello-samza/deploy/kafka/bin/../libs/kafka-tools-0.10.2.1.jar:/Users/fji/workspace/hello-samza/deploy/kafka/bin/../libs/kafka_2.11-0.10.2.1-sources.jar:/Users/fji/workspace/hello-samza/deploy/kafka/bin/../libs/kafka_2.11-0.10.2.1-test-sources.jar:/Users/fji/workspace/hello-samza/deploy/kafka/bin/../libs/kafka_2.11-0.10.2.1.jar:/Users/fji/workspace/hello-samza/deploy/kafka/bin/../libs/log4j-1.2.17.jar:/Users/fji/workspace/hello-samza/deploy/kafka/bin/../libs/lz4-1.3.0.jar:/Users/fji/workspace/hello-samza/deploy/kafka/bin/../libs/metrics-core-2.2.0.jar:/Users/fji/workspace/hello-samza/deploy/kafka/bin/../libs/osgi-resource-locator-1.0.1.jar:/Users/fji/workspace/hello-samza/deploy/kafka/bin/../libs/reflections-0.9.10.jar:/Users/fji/workspace/hello-samza/deploy/kafka/bin/../libs/rocksdbjni-5.0.1.jar:/Users/fji/workspace/hello-samza/deploy/kafka/bin/../libs/scala-library-2.11.8.jar:/Users/fji/workspace/hello-samza/deploy/kafka/bin/../libs/scala-parser-combinators_2.11-1.0.4.jar:/Users/fji/workspace/hello-samza/deploy/kafka/bin/../libs/slf4j-api-1.7.21.jar:/Users/fji/workspace/hello-samza/deploy/kafka/bin/../libs/slf4j-log4j12-1.7.21.jar:/Users/fji/workspace/hello-samza/deploy/kafka/bin/../libs/snappy-java-1.1.2.6.jar:/Users/fji/workspace/hello-samza/deploy/kafka/bin/../libs/validation-api-1.1.0.Final.jar:/Users/fji/workspace/hello-samza/deploy/kafka/bin/../libs/zkclient-0.10.jar:/Users/fji/workspace/hello-samza/deploy/kafka/bin/../libs/zookeeper-3.4.9.jar (org.apache.zookeeper.ZooKeeper)
[2018-05-09 16:41:56,883] INFO Client environment:java.library.path=/Users/fji/Library/Java/Extensions:/Library/Java/Extensions:/Network/Library/Java/Extensions:/System/Library/Java/Extensions:/usr/lib/java:. (org.apache.zookeeper.ZooKeeper)
[2018-05-09 16:41:56,883] INFO Client environment:java.io.tmpdir=/var/folders/c3/06j1dsvn07l4vd5gzdnq7sf000051z/T/ (org.apache.zookeeper.ZooKeeper)
[2018-05-09 16:41:56,883] INFO Client environment:java.compiler=<NA> (org.apache.zookeeper.ZooKeeper)
[2018-05-09 16:41:56,883] INFO Client environment:os.name=Mac OS X (org.apache.zookeeper.ZooKeeper)
[2018-05-09 16:41:56,883] INFO Client environment:os.arch=x86_64 (org.apache.zookeeper.ZooKeeper)
[2018-05-09 16:41:56,883] INFO Client environment:os.version=10.13.3 (org.apache.zookeeper.ZooKeeper)
[2018-05-09 16:41:56,883] INFO Client environment:user.name=fji (org.apache.zookeeper.ZooKeeper)
[2018-05-09 16:41:56,883] INFO Client environment:user.home=/Users/fji (org.apache.zookeeper.ZooKeeper)
[2018-05-09 16:41:56,883] INFO Client environment:user.dir=/Users/fji/workspace/hello-samza/deploy/kafka (org.apache.zookeeper.ZooKeeper)
[2018-05-09 16:41:56,884] INFO Initiating client connection, connectString=localhost:2181 sessionTimeout=6000 watcher=org.I0Itec.zkclient.ZkClient@40ef3420 (org.apache.zookeeper.ZooKeeper)
[2018-05-09 16:41:56,897] INFO Waiting for keeper state SyncConnected (org.I0Itec.zkclient.ZkClient)
[2018-05-09 16:42:01,904] INFO Opening socket connection to server fe80:0:0:0:0:0:0:1%1/fe80:0:0:0:0:0:0:1%1:2181. Will not attempt to authenticate using SASL (unknown error) (org.apache.zookeeper.ClientCnxn)
[2018-05-09 16:42:01,925] INFO Socket connection established to fe80:0:0:0:0:0:0:1%1/fe80:0:0:0:0:0:0:1%1:2181, initiating session (org.apache.zookeeper.ClientCnxn)
[2018-05-09 16:42:01,939] INFO Session establishment complete on server fe80:0:0:0:0:0:0:1%1/fe80:0:0:0:0:0:0:1%1:2181, sessionid = 0x163474843040000, negotiated timeout = 6000 (org.apache.zookeeper.ClientCnxn)
[2018-05-09 16:42:01,941] INFO zookeeper state changed (SyncConnected) (org.I0Itec.zkclient.ZkClient)
[2018-05-09 16:42:02,046] INFO Cluster ID = Eex1IVBoRh-pYdLaT7CLnA (kafka.server.KafkaServer)
[2018-05-09 16:42:02,067] INFO [ThrottledRequestReaper-Fetch], Starting  (kafka.server.ClientQuotaManager$ThrottledRequestReaper)
[2018-05-09 16:42:02,068] INFO [ThrottledRequestReaper-Produce], Starting  (kafka.server.ClientQuotaManager$ThrottledRequestReaper)
[2018-05-09 16:42:02,099] INFO Loading logs. (kafka.log.LogManager)
[2018-05-09 16:42:02,104] INFO Logs loading complete in 5 ms. (kafka.log.LogManager)
[2018-05-09 16:42:02,198] INFO Starting log cleanup with a period of 300000 ms. (kafka.log.LogManager)
[2018-05-09 16:42:02,200] INFO Starting log flusher with a default period of 9223372036854775807 ms. (kafka.log.LogManager)
[2018-05-09 16:42:02,231] INFO Awaiting socket connections on 0.0.0.0:9092. (kafka.network.Acceptor)
[2018-05-09 16:42:02,233] INFO [Socket Server on Broker 0], Started 1 acceptor threads (kafka.network.SocketServer)
[2018-05-09 16:42:02,246] INFO [ExpirationReaper-0], Starting  (kafka.server.DelayedOperationPurgatory$ExpiredOperationReaper)
[2018-05-09 16:42:02,248] INFO [ExpirationReaper-0], Starting  (kafka.server.DelayedOperationPurgatory$ExpiredOperationReaper)
[2018-05-09 16:42:02,278] INFO Creating /controller (is it secure? false) (kafka.utils.ZKCheckedEphemeral)
[2018-05-09 16:42:02,286] INFO Result of znode creation is: OK (kafka.utils.ZKCheckedEphemeral)
[2018-05-09 16:42:02,286] INFO 0 successfully elected as leader (kafka.server.ZookeeperLeaderElector)
[2018-05-09 16:42:02,342] INFO [ExpirationReaper-0], Starting  (kafka.server.DelayedOperationPurgatory$ExpiredOperationReaper)
[2018-05-09 16:42:02,345] INFO [ExpirationReaper-0], Starting  (kafka.server.DelayedOperationPurgatory$ExpiredOperationReaper)
[2018-05-09 16:42:02,346] INFO [ExpirationReaper-0], Starting  (kafka.server.DelayedOperationPurgatory$ExpiredOperationReaper)
[2018-05-09 16:42:02,350] INFO New leader is 0 (kafka.server.ZookeeperLeaderElector$LeaderChangeListener)
[2018-05-09 16:42:02,357] INFO [GroupCoordinator 0]: Starting up. (kafka.coordinator.GroupCoordinator)
[2018-05-09 16:42:02,358] INFO [GroupCoordinator 0]: Startup complete. (kafka.coordinator.GroupCoordinator)
[2018-05-09 16:42:02,359] INFO [Group Metadata Manager on Broker 0]: Removed 0 expired offsets in 1 milliseconds. (kafka.coordinator.GroupMetadataManager)
[2018-05-09 16:42:02,370] INFO Will not load MX4J, mx4j-tools.jar is not in the classpath (kafka.utils.Mx4jLoader$)
[2018-05-09 16:42:02,389] INFO Creating /brokers/ids/0 (is it secure? false) (kafka.utils.ZKCheckedEphemeral)
[2018-05-09 16:42:02,391] INFO Result of znode creation is: OK (kafka.utils.ZKCheckedEphemeral)
[2018-05-09 16:42:02,392] INFO Registered broker 0 at path /brokers/ids/0 with addresses: EndPoint(fji-mn1.linkedin.biz,9092,ListenerName(PLAINTEXT),PLAINTEXT) (kafka.utils.ZkUtils)
[2018-05-09 16:42:02,404] INFO Kafka version : 0.10.2.1 (org.apache.kafka.common.utils.AppInfoParser)
[2018-05-09 16:42:02,404] INFO Kafka commitId : e89bffd6b2eff799 (org.apache.kafka.common.utils.AppInfoParser)
[2018-05-09 16:42:02,405] INFO [Kafka Server 0], started (kafka.server.KafkaServer)
[2018-05-09 16:46:45,268] INFO [Kafka Server 0], shutting down (kafka.server.KafkaServer)
[2018-05-09 16:46:45,270] INFO [Kafka Server 0], Starting controlled shutdown (kafka.server.KafkaServer)
[2018-05-09 16:46:45,293] INFO [Kafka Server 0], Controlled shutdown succeeded (kafka.server.KafkaServer)
[2018-05-09 16:46:45,295] INFO [Socket Server on Broker 0], Shutting down (kafka.network.SocketServer)
[2018-05-09 16:46:45,303] INFO [Socket Server on Broker 0], Shutdown completed (kafka.network.SocketServer)
[2018-05-09 16:46:45,303] INFO [Kafka Request Handler on Broker 0], shutting down (kafka.server.KafkaRequestHandlerPool)
[2018-05-09 16:46:45,305] INFO [Kafka Request Handler on Broker 0], shut down completely (kafka.server.KafkaRequestHandlerPool)
[2018-05-09 16:46:45,308] INFO [ThrottledRequestReaper-Fetch], Shutting down (kafka.server.ClientQuotaManager$ThrottledRequestReaper)
[2018-05-09 16:46:45,824] INFO [ThrottledRequestReaper-Fetch], Shutdown completed (kafka.server.ClientQuotaManager$ThrottledRequestReaper)
[2018-05-09 16:46:45,824] INFO [ThrottledRequestReaper-Fetch], Stopped  (kafka.server.ClientQuotaManager$ThrottledRequestReaper)
[2018-05-09 16:46:45,824] INFO [ThrottledRequestReaper-Produce], Shutting down (kafka.server.ClientQuotaManager$ThrottledRequestReaper)
[2018-05-09 16:46:46,826] INFO [ThrottledRequestReaper-Produce], Stopped  (kafka.server.ClientQuotaManager$ThrottledRequestReaper)
[2018-05-09 16:46:46,826] INFO [ThrottledRequestReaper-Produce], Shutdown completed (kafka.server.ClientQuotaManager$ThrottledRequestReaper)
[2018-05-09 16:46:46,826] INFO [KafkaApi-0] Shutdown complete. (kafka.server.KafkaApis)
[2018-05-09 16:46:46,828] INFO [Replica Manager on Broker 0]: Shutting down (kafka.server.ReplicaManager)
[2018-05-09 16:46:46,828] INFO [ReplicaFetcherManager on broker 0] shutting down (kafka.server.ReplicaFetcherManager)
[2018-05-09 16:46:46,830] INFO [ReplicaFetcherManager on broker 0] shutdown completed (kafka.server.ReplicaFetcherManager)
[2018-05-09 16:46:46,830] INFO [ExpirationReaper-0], Shutting down (kafka.server.DelayedOperationPurgatory$ExpiredOperationReaper)
[2018-05-09 16:46:46,910] INFO [ExpirationReaper-0], Stopped  (kafka.server.DelayedOperationPurgatory$ExpiredOperationReaper)
[2018-05-09 16:46:46,910] INFO [ExpirationReaper-0], Shutdown completed (kafka.server.DelayedOperationPurgatory$ExpiredOperationReaper)
[2018-05-09 16:46:46,910] INFO [ExpirationReaper-0], Shutting down (kafka.server.DelayedOperationPurgatory$ExpiredOperationReaper)
[2018-05-09 16:46:47,113] INFO [ExpirationReaper-0], Stopped  (kafka.server.DelayedOperationPurgatory$ExpiredOperationReaper)
[2018-05-09 16:46:47,113] INFO [ExpirationReaper-0], Shutdown completed (kafka.server.DelayedOperationPurgatory$ExpiredOperationReaper)
[2018-05-09 16:46:47,118] INFO [Replica Manager on Broker 0]: Shut down completely (kafka.server.ReplicaManager)
[2018-05-09 16:46:47,118] INFO [ExpirationReaper-0], Shutting down (kafka.server.DelayedOperationPurgatory$ExpiredOperationReaper)
[2018-05-09 16:46:47,136] INFO [ExpirationReaper-0], Shutdown completed (kafka.server.DelayedOperationPurgatory$ExpiredOperationReaper)
[2018-05-09 16:46:47,136] INFO [ExpirationReaper-0], Stopped  (kafka.server.DelayedOperationPurgatory$ExpiredOperationReaper)
[2018-05-09 16:46:47,138] INFO [GroupCoordinator 0]: Shutting down. (kafka.coordinator.GroupCoordinator)
[2018-05-09 16:46:47,139] INFO [ExpirationReaper-0], Shutting down (kafka.server.DelayedOperationPurgatory$ExpiredOperationReaper)
[2018-05-09 16:46:47,341] INFO [ExpirationReaper-0], Stopped  (kafka.server.DelayedOperationPurgatory$ExpiredOperationReaper)
[2018-05-09 16:46:47,341] INFO [ExpirationReaper-0], Shutdown completed (kafka.server.DelayedOperationPurgatory$ExpiredOperationReaper)
[2018-05-09 16:46:47,342] INFO [ExpirationReaper-0], Shutting down (kafka.server.DelayedOperationPurgatory$ExpiredOperationReaper)
[2018-05-09 16:46:47,543] INFO [ExpirationReaper-0], Stopped  (kafka.server.DelayedOperationPurgatory$ExpiredOperationReaper)
[2018-05-09 16:46:47,543] INFO [ExpirationReaper-0], Shutdown completed (kafka.server.DelayedOperationPurgatory$ExpiredOperationReaper)
[2018-05-09 16:46:47,544] INFO [GroupCoordinator 0]: Shutdown complete. (kafka.coordinator.GroupCoordinator)
[2018-05-09 16:46:47,546] INFO Shutting down. (kafka.log.LogManager)
[2018-05-09 16:46:47,555] INFO Shutdown complete. (kafka.log.LogManager)
[2018-05-09 16:46:47,567] INFO Terminate ZkClient event thread. (org.I0Itec.zkclient.ZkEventThread)
[2018-05-09 16:46:47,569] INFO Session: 0x163474843040000 closed (org.apache.zookeeper.ZooKeeper)
[2018-05-09 16:46:47,571] INFO [Kafka Server 0], shut down completed (kafka.server.KafkaServer)
[2018-05-09 16:46:47,575] INFO EventThread shut down for session: 0x163474843040000 (org.apache.zookeeper.ClientCnxn)
